[18:46:28] [main/INFO]: Setting user: Player60
[18:46:29] [Client thread/INFO]: LWJGL Version: 2.9.1
[18:46:33] [Client thread/INFO]: Reloading ResourceManager: Default, FMLFileResourcePack:Forge Mod Loader, FMLFileResourcePack:Minecraft Forge, FMLFileResourcePack:Almighty Switch
[18:46:33] [Sound Library Loader/INFO]: Sound engine started
[18:46:35] [Client thread/INFO]: Created: 512x256 textures/blocks-atlas
[18:46:35] [Client thread/INFO]: Created: 256x256 textures/items-atlas
[18:46:35] [Client thread/INFO]: Reloading ResourceManager: Default, FMLFileResourcePack:Forge Mod Loader, FMLFileResourcePack:Minecraft Forge, FMLFileResourcePack:Almighty Switch
[18:46:35] [Client thread/INFO]: Created: 512x256 textures/blocks-atlas
[18:46:35] [Client thread/INFO]: Created: 256x256 textures/items-atlas
[18:46:36] [Sound Library Loader/INFO]: Sound engine started
[18:54:21] [Client thread/INFO]: Stopping!
858
[18:54:18] [Client thread/INFO]: LWJGL Version: 2.9.1
[18:54:22] [Client thread/INFO]: Reloading ResourceManager: Default, FMLFileResourcePack:Forge Mod Loader, FMLFileResourcePack:Minecraft Forge, FMLFileResourcePack:Almighty Switch
[18:54:22] [Sound Library Loader/INFO]: Sound engine started
[18:54:23] [Client thread/INFO]: Created: 512x256 textures/blocks-atlas
[18:54:23] [Client thread/INFO]: Created: 256x256 textures/items-atlas
[18:54:24] [Client thread/INFO]: Reloading ResourceManager: Default, FMLFileResourcePack:Forge Mod Loader, FMLFileResourcePack:Minecraft Forge, FMLFileResourcePack:Almighty Switch
[18:54:24] [Client thread/INFO]: Created: 512x256 textures/blocks-atlas
[18:54:24] [Client thread/INFO]: Created: 256x256 textures/items-atlas
[18:54:25] [Sound Library Loader/INFO]: Sound engine started
[18:55:04] [Client thread/INFO]: Stopping!
